==============================================================================
TREINAR_MODELOS_V2
==============================================================================
  Features:    features_v2/
  Saida:       modelos_v2/
  Algoritmo:   LightGBM (rounds=500, early=30)
  Quarentena:  MAE>25.0 ou RMSE>40.0 ou |vies|>10.0 ou y_pred_std<30.0
  Holdout:     20%, seed=2026
  75 chaves no mapeamento

[1/75]

--- CH_2016_regular ---
  candidatos: 5,838,039
  itens canonicos: 45 (44 com b valido)
  treino=4,669,194 holdout=1,167,299
  treino: MAE=9.09 RMSE=11.57
  holdout: MAE=9.12 RMSE=11.60 vies=-0.02 std_pred=73.0
  [OK] aprovado (136.9s)

[2/75]

--- CH_2017_regular ---
  candidatos: 4,697,253
  itens canonicos: 45 (45 com b valido)
  treino=3,751,560 holdout=937,890
  treino: MAE=15.39 RMSE=20.60
  holdout: MAE=15.41 RMSE=20.63 vies=-0.02 std_pred=78.0
  [OK] aprovado (119.6s)

[3/75]

--- CH_2018_regular ---
  candidatos: 4,144,396
  itens canonicos: 45 (45 com b valido)
  treino=3,309,086 holdout=827,272
  treino: MAE=9.02 RMSE=13.53
  holdout: MAE=9.07 RMSE=13.63 vies=+0.05 std_pred=76.4
  [OK] aprovado (79.0s)

[4/75]

--- CH_2019_regular ---
  candidatos: 3,920,308
  itens canonicos: 45 (43 com b valido)
  treino=3,131,534 holdout=782,884
  treino: MAE=8.79 RMSE=11.78
  holdout: MAE=8.80 RMSE=11.80 vies=-0.01 std_pred=79.2
  [OK] aprovado (89.6s)

[5/75]

--- CH_2020_regular ---
  candidatos: 2,661,957
  itens canonicos: 45 (45 com b valido)
  treino=2,125,784 holdout=531,446
  treino: MAE=9.41 RMSE=12.27
  holdout: MAE=9.44 RMSE=12.31 vies=-0.03 std_pred=93.3
  [OK] aprovado (62.9s)

[6/75]

--- CH_2021_regular ---
  candidatos: 2,262,660
  itens canonicos: 45 (45 com b valido)
  treino=1,806,741 holdout=451,686
  treino: MAE=7.23 RMSE=9.45
  holdout: MAE=7.28 RMSE=9.52 vies=+0.00 std_pred=92.6
  [OK] aprovado (41.4s)

[7/75]

--- CH_2022_regular ---
  candidatos: 2,458,960
  itens canonicos: 45 (44 com b valido)
  treino=1,963,685 holdout=490,922
  treino: MAE=7.03 RMSE=9.62
  holdout: MAE=7.07 RMSE=9.66 vies=+0.01 std_pred=78.0
  [OK] aprovado (55.8s)

[8/75]

--- CH_2023_regular ---
  candidatos: 2,811,260
  itens canonicos: 45 (45 com b valido)
  treino=2,244,554 holdout=561,139
  treino: MAE=6.87 RMSE=9.03
  holdout: MAE=6.91 RMSE=9.09 vies=+0.01 std_pred=85.0
  [OK] aprovado (63.4s)

[9/75]

--- CH_2024_regular ---
  candidatos: 3,161,003
  itens canonicos: 45 (45 com b valido)
  treino=2,523,766 holdout=630,942
  treino: MAE=6.10 RMSE=8.24
  holdout: MAE=6.13 RMSE=8.28 vies=+0.00 std_pred=90.0
  [OK] aprovado (72.1s)

[10/75]

--- CN_2016_regular ---
  candidatos: 5,838,039
  itens canonicos: 45 (45 com b valido)
  treino=4,668,242 holdout=1,167,061
  treino: MAE=11.56 RMSE=14.77
  holdout: MAE=11.58 RMSE=14.80 vies=-0.01 std_pred=70.2
  [OK] aprovado (139.3s)

[11/75]

--- CN_2017_regular ---
  candidatos: 4,434,517
  itens canonicos: 45 (45 com b valido)
  treino=3,547,137 holdout=886,785
  treino: MAE=19.24 RMSE=24.81
  holdout: MAE=19.31 RMSE=24.87 vies=-0.01 std_pred=67.3
  [OK] aprovado (88.5s)

[12/75]

--- CN_2018_regular ---
  candidatos: 3,902,487
  itens canonicos: 45 (45 com b valido)
  treino=3,121,416 holdout=780,355
  treino: MAE=15.80 RMSE=20.40
  holdout: MAE=15.87 RMSE=20.48 vies=+0.02 std_pred=70.9
  [OK] aprovado (73.3s)

[13/75]

--- CN_2019_regular ---
  candidatos: 3,707,741
  itens canonicos: 45 (44 com b valido)
  treino=2,965,708 holdout=741,427
  treino: MAE=10.18 RMSE=12.86
  holdout: MAE=10.21 RMSE=12.90 vies=+0.00 std_pred=74.8
  [OK] aprovado (75.7s)

[14/75]

--- CN_2020_regular ---
  candidatos: 2,507,193
  itens canonicos: 45 (44 com b valido)
  treino=2,005,200 holdout=501,301
  treino: MAE=9.13 RMSE=11.74
  holdout: MAE=9.16 RMSE=11.79 vies=-0.03 std_pred=78.8
  [OK] aprovado (61.4s)

[15/75]

--- CN_2021_regular ---
  candidatos: 2,143,758
  itens canonicos: 45 (44 com b valido)
  treino=1,714,718 holdout=428,680
  treino: MAE=10.22 RMSE=13.55
  holdout: MAE=10.27 RMSE=13.62 vies=+0.01 std_pred=79.5
  [OK] aprovado (49.4s)

[16/75]

--- CN_2022_regular ---
  candidatos: 2,322,378
  itens canonicos: 45 (41 com b valido)
  treino=1,857,504 holdout=464,377
  treino: MAE=13.26 RMSE=16.80
  holdout: MAE=13.32 RMSE=16.86 vies=-0.03 std_pred=69.5
  [OK] aprovado (38.8s)

[17/75]

--- CN_2023_regular ---
  candidatos: 2,681,253
  itens canonicos: 45 (45 com b valido)
  treino=2,131,823 holdout=532,956
  treino: MAE=8.49 RMSE=10.97
  holdout: MAE=8.53 RMSE=11.02 vies=-0.03 std_pred=78.4
  [OK] aprovado (53.5s)

[18/75]

--- CN_2024_regular ---
  candidatos: 2,998,220
  itens canonicos: 45 (44 com b valido)
  treino=2,398,044 holdout=599,511
  treino: MAE=12.18 RMSE=15.95
  holdout: MAE=12.23 RMSE=16.00 vies=-0.03 std_pred=77.1
  [OK] aprovado (59.8s)

[19/75]

--- LC_2016_regular_esp ---
  candidatos: 3,214,793
  itens canonicos: 45 (43 com b valido)
  treino=2,570,140 holdout=642,536
  treino: MAE=8.82 RMSE=12.09
  holdout: MAE=8.85 RMSE=12.13 vies=-0.04 std_pred=62.0
  [OK] aprovado (63.0s)

[20/75]

--- LC_2016_regular_ing ---
  candidatos: 2,473,904
  itens canonicos: 45 (43 com b valido)
  treino=1,977,897 holdout=494,475
  treino: MAE=7.74 RMSE=10.59
  holdout: MAE=7.78 RMSE=10.65 vies=-0.02 std_pred=67.2
  [OK] aprovado (67.1s)

[21/75]

--- LC_2017_regular_esp ---
  candidatos: 2,505,531
  itens canonicos: 45 (45 com b valido)
  treino=2,002,841 holdout=500,711
  treino: MAE=6.02 RMSE=7.71
  holdout: MAE=6.05 RMSE=7.75 vies=+0.00 std_pred=60.8
  [OK] aprovado (65.7s)

[22/75]

--- LC_2017_regular_ing ---
  candidatos: 2,191,722
  itens canonicos: 45 (45 com b valido)
  treino=1,752,160 holdout=438,040
  treino: MAE=5.63 RMSE=7.28
  holdout: MAE=5.64 RMSE=7.30 vies=-0.00 std_pred=65.4
  [OK] aprovado (47.4s)

[23/75]

--- LC_2018_regular_esp ---
  candidatos: 2,136,857
  itens canonicos: 45 (45 com b valido)
  treino=1,707,640 holdout=426,911
  treino: MAE=8.52 RMSE=11.30
  holdout: MAE=8.55 RMSE=11.34 vies=-0.01 std_pred=66.3
  [OK] aprovado (42.6s)

[24/75]

--- LC_2018_regular_ing ---
  candidatos: 2,007,539
  itens canonicos: 45 (45 com b valido)
  treino=1,604,671 holdout=401,168
  treino: MAE=8.50 RMSE=11.41
  holdout: MAE=8.59 RMSE=11.57 vies=+0.03 std_pred=71.0
  [OK] aprovado (42.5s)

[25/75]

--- LC_2019_regular_esp ---
  candidatos: 1,986,314
  itens canonicos: 45 (44 com b valido)
  treino=1,587,655 holdout=396,914
  treino: MAE=6.81 RMSE=9.57
  holdout: MAE=6.83 RMSE=9.63 vies=-0.02 std_pred=58.2
  [OK] aprovado (36.7s)

[26/75]

--- LC_2019_regular_ing ---
  candidatos: 1,933,994
  itens canonicos: 45 (44 com b valido)
  treino=1,546,124 holdout=386,531
  treino: MAE=6.21 RMSE=8.50
  holdout: MAE=6.26 RMSE=8.59 vies=+0.01 std_pred=60.5
  [OK] aprovado (40.6s)

[27/75]

--- LC_2020_regular_esp ---
  candidatos: 1,306,970
  itens canonicos: 45 (45 com b valido)
  treino=1,044,650 holdout=261,163
  treino: MAE=6.81 RMSE=8.79
  holdout: MAE=6.89 RMSE=8.90 vies=+0.01 std_pred=69.0
  [OK] aprovado (26.4s)

[28/75]

--- LC_2020_regular_ing ---
  candidatos: 1,354,987
  itens canonicos: 45 (45 com b valido)
  treino=1,083,168 holdout=270,792
  treino: MAE=6.32 RMSE=8.15
  holdout: MAE=6.38 RMSE=8.26 vies=+0.01 std_pred=70.0
  [OK] aprovado (37.4s)

[29/75]

--- LC_2021_regular_esp ---
  candidatos: 968,463
  itens canonicos: 45 (43 com b valido)
  treino=774,097 holdout=193,525
  treino: MAE=10.05 RMSE=13.00
  holdout: MAE=10.15 RMSE=13.15 vies=+0.00 std_pred=71.2
  [OK] aprovado (25.0s)

[30/75]

--- LC_2021_regular_ing ---
  candidatos: 1,294,197
  itens canonicos: 45 (43 com b valido)
  treino=1,034,415 holdout=258,604
  treino: MAE=8.83 RMSE=11.62
  holdout: MAE=8.91 RMSE=11.75 vies=+0.00 std_pred=75.5
  [OK] aprovado (34.0s)

[31/75]

--- LC_2022_regular_esp ---
  candidatos: 1,042,841
  itens canonicos: 45 (45 com b valido)
  treino=833,644 holdout=208,411
  treino: MAE=7.51 RMSE=9.55
  holdout: MAE=7.59 RMSE=9.65 vies=-0.03 std_pred=72.5
  [OK] aprovado (23.2s)

[32/75]

--- LC_2022_regular_ing ---
  candidatos: 1,416,119
  itens canonicos: 45 (45 com b valido)
  treino=1,132,131 holdout=283,033
  treino: MAE=7.79 RMSE=9.92
  holdout: MAE=7.82 RMSE=9.97 vies=-0.00 std_pred=73.2
  [OK] aprovado (29.3s)

[33/75]

--- LC_2023_regular_esp ---
  candidatos: 1,194,565
  itens canonicos: 45 (45 com b valido)
  treino=954,854 holdout=238,714
  treino: MAE=5.75 RMSE=7.69
  holdout: MAE=5.81 RMSE=7.81 vies=+0.00 std_pred=69.7
  [OK] aprovado (23.8s)

[34/75]

--- LC_2023_regular_ing ---
  candidatos: 1,616,695
  itens canonicos: 45 (45 com b valido)
  treino=1,292,440 holdout=323,110
  treino: MAE=5.68 RMSE=7.39
  holdout: MAE=5.72 RMSE=7.45 vies=-0.01 std_pred=71.9
  [OK] aprovado (38.1s)

[35/75]

--- LC_2024_regular_esp ---
  candidatos: 1,322,025
  itens canonicos: 45 (45 com b valido)
  treino=1,056,892 holdout=264,224
  treino: MAE=7.14 RMSE=9.51
  holdout: MAE=7.19 RMSE=9.61 vies=-0.01 std_pred=65.0
  [OK] aprovado (27.9s)

[36/75]

--- LC_2024_regular_ing ---
  candidatos: 1,838,978
  itens canonicos: 45 (45 com b valido)
  treino=1,470,352 holdout=367,588
  treino: MAE=6.17 RMSE=8.22
  holdout: MAE=6.20 RMSE=8.30 vies=-0.00 std_pred=65.2
  [OK] aprovado (39.9s)

[37/75]

--- MT_2016_regular ---
  candidatos: 5,688,697
  itens canonicos: 45 (45 com b valido)
  treino=4,546,681 holdout=1,136,671
  treino: MAE=10.60 RMSE=13.63
  holdout: MAE=10.62 RMSE=13.66 vies=+0.01 std_pred=100.8
  [OK] aprovado (119.9s)

[38/75]

--- MT_2017_regular ---
  candidatos: 4,434,517
  itens canonicos: 45 (45 com b valido)
  treino=3,546,961 holdout=886,741
  treino: MAE=29.09 RMSE=37.40
  holdout: MAE=29.12 RMSE=37.46 vies=-0.09 std_pred=97.8
  [QUARENTENA] quarentena motivos: MAE=29.1>25.0 (95.6s)

[39/75]

--- MT_2018_regular ---
  candidatos: 3,902,487
  itens canonicos: 45 (44 com b valido)
  treino=3,121,293 holdout=780,324
  treino: MAE=15.91 RMSE=21.08
  holdout: MAE=15.97 RMSE=21.16 vies=+0.00 std_pred=100.6
  [OK] aprovado (75.7s)

[40/75]

--- MT_2019_regular ---
  candidatos: 3,707,741
  itens canonicos: 45 (44 com b valido)
  treino=2,965,596 holdout=741,399
  treino: MAE=27.53 RMSE=35.86
  holdout: MAE=27.61 RMSE=35.99 vies=+0.01 std_pred=102.6
  [QUARENTENA] quarentena motivos: MAE=27.6>25.0 (67.6s)

[41/75]

--- MT_2020_regular ---
  candidatos: 2,507,193
  itens canonicos: 45 (44 com b valido)
  treino=2,005,039 holdout=501,260
  treino: MAE=11.48 RMSE=14.78
  holdout: MAE=11.50 RMSE=14.81 vies=-0.05 std_pred=116.3
  [OK] aprovado (49.7s)

[42/75]

--- MT_2021_regular ---
  candidatos: 2,143,758
  itens canonicos: 45 (44 com b valido)
  treino=1,714,676 holdout=428,669
  treino: MAE=9.02 RMSE=11.75
  holdout: MAE=9.08 RMSE=11.83 vies=+0.03 std_pred=109.7
  [OK] aprovado (37.1s)

[43/75]

--- MT_2022_regular ---
  candidatos: 2,322,378
  itens canonicos: 45 (43 com b valido)
  treino=1,857,486 holdout=464,372
  treino: MAE=14.63 RMSE=19.14
  holdout: MAE=14.70 RMSE=19.22 vies=-0.02 std_pred=114.2
  [OK] aprovado (50.5s)

[44/75]

--- MT_2023_regular ---
  candidatos: 2,681,253
  itens canonicos: 45 (43 com b valido)
  treino=2,131,751 holdout=532,938
  treino: MAE=9.73 RMSE=12.81
  holdout: MAE=9.78 RMSE=12.87 vies=+0.03 std_pred=124.5
  [OK] aprovado (61.3s)

[45/75]

--- MT_2024_regular ---
  candidatos: 2,998,220
  itens canonicos: 45 (45 com b valido)
  treino=2,397,932 holdout=599,484
  treino: MAE=11.34 RMSE=15.36
  holdout: MAE=11.40 RMSE=15.45 vies=-0.00 std_pred=112.9
  [OK] aprovado (54.3s)

[46/75]

--- CH_2016_ppl ---
  candidatos: 159,479
  itens canonicos: 45 (45 com b valido)
  treino=127,552 holdout=31,888
  treino: MAE=5.64 RMSE=7.41
  holdout: MAE=5.98 RMSE=7.98 vies=-0.10 std_pred=73.9
  [OK] aprovado (3.1s)

[47/75]

--- CH_2020_ppl ---
  candidatos: 61,793
  itens canonicos: 45 (45 com b valido)
  treino=49,342 holdout=12,336
  treino: MAE=7.08 RMSE=9.06
  holdout: MAE=7.65 RMSE=9.87 vies=+0.00 std_pred=85.6
  [OK] aprovado (1.3s)

[48/75]

--- CH_2021_ppl ---
  candidatos: 75,310
  itens canonicos: 45 (45 com b valido)
  treino=60,128 holdout=15,033
  treino: MAE=6.20 RMSE=7.82
  holdout: MAE=6.73 RMSE=8.55 vies=+0.01 std_pred=88.9
  [OK] aprovado (2.1s)

[49/75]

--- CH_2022_ppl ---
  candidatos: 33,196
  itens canonicos: 45 (44 com b valido)
  treino=26,461 holdout=6,616
  treino: MAE=6.27 RMSE=8.45
  holdout: MAE=6.91 RMSE=9.47 vies=+0.22 std_pred=70.9
  [OK] aprovado (0.8s)

[50/75]

--- CH_2023_ppl ---
  candidatos: 4,744
  itens canonicos: 45 (45 com b valido)
  treino=3,772 holdout=944
  treino: MAE=5.84 RMSE=7.96
  holdout: MAE=8.40 RMSE=10.96 vies=-0.31 std_pred=92.9
  [OK] aprovado (0.3s)

[51/75]

--- CH_2024_ppl ---
  candidatos: 6,207
  itens canonicos: 45 (45 com b valido)
  treino=4,925 holdout=1,232
  treino: MAE=5.45 RMSE=7.50
  holdout: MAE=7.81 RMSE=10.48 vies=+0.24 std_pred=92.0
  [OK] aprovado (0.3s)

[52/75]

--- CN_2016_ppl ---
  candidatos: 159,479
  itens canonicos: 45 (45 com b valido)
  treino=127,535 holdout=31,884
  treino: MAE=7.72 RMSE=9.99
  holdout: MAE=8.13 RMSE=10.57 vies=-0.04 std_pred=79.6
  [OK] aprovado (3.2s)

[53/75]

--- CN_2020_ppl ---
  candidatos: 62,306
  itens canonicos: 45 (44 com b valido)
  treino=49,836 holdout=12,460
  treino: MAE=9.55 RMSE=12.09
  holdout: MAE=10.17 RMSE=13.00 vies=+0.02 std_pred=72.1
  [OK] aprovado (1.5s)

[54/75]

--- CN_2021_ppl ---
  candidatos: 64,974
  itens canonicos: 45 (45 com b valido)
  treino=51,972 holdout=12,994
  treino: MAE=7.59 RMSE=9.83
  holdout: MAE=8.70 RMSE=11.36 vies=+0.06 std_pred=66.2
  [OK] aprovado (1.8s)

[55/75]

--- CN_2022_ppl ---
  candidatos: 29,642
  itens canonicos: 45 (41 com b valido)
  treino=23,700 holdout=5,925
  treino: MAE=13.08 RMSE=16.50
  holdout: MAE=13.50 RMSE=16.98 vies=-0.33 std_pred=64.7
  [OK] aprovado (0.5s)

[56/75]

--- CN_2023_ppl ---
  candidatos: 4,531
  itens canonicos: 46 (46 com b valido)
  treino=3,585 holdout=897
  treino: MAE=7.72 RMSE=10.20
  holdout: MAE=10.36 RMSE=13.30 vies=-0.19 std_pred=82.7
  [OK] aprovado (0.2s)

[57/75]

--- CN_2024_ppl ---
  candidatos: 5,826
  itens canonicos: 47 (46 com b valido)
  treino=4,658 holdout=1,165
  treino: MAE=12.05 RMSE=15.37
  holdout: MAE=14.66 RMSE=18.82 vies=-0.99 std_pred=70.9
  [OK] aprovado (0.2s)

[58/75]

--- LC_2016_ppl_esp ---
  candidatos: 83,577
  itens canonicos: 45 (44 com b valido)
  treino=66,817 holdout=16,705
  treino: MAE=7.04 RMSE=9.17
  holdout: MAE=7.35 RMSE=9.68 vies=-0.03 std_pred=68.0
  [OK] aprovado (2.0s)

[59/75]

--- LC_2016_ppl_ing ---
  candidatos: 71,770
  itens canonicos: 45 (44 com b valido)
  treino=57,382 holdout=14,346
  treino: MAE=6.62 RMSE=8.54
  holdout: MAE=6.90 RMSE=9.02 vies=-0.04 std_pred=69.9
  [OK] aprovado (1.6s)

[60/75]

--- LC_2020_ppl_esp ---
  candidatos: 32,745
  itens canonicos: 45 (45 com b valido)
  treino=26,176 holdout=6,544
  treino: MAE=6.96 RMSE=8.91
  holdout: MAE=8.11 RMSE=10.49 vies=-0.21 std_pred=65.9
  [OK] aprovado (1.1s)

[61/75]

--- LC_2020_ppl_ing ---
  candidatos: 29,048
  itens canonicos: 45 (45 com b valido)
  treino=23,226 holdout=5,807
  treino: MAE=6.79 RMSE=8.67
  holdout: MAE=8.13 RMSE=10.52 vies=+0.06 std_pred=70.3
  [OK] aprovado (1.0s)

[62/75]

--- LC_2021_ppl_esp ---
  candidatos: 45,290
  itens canonicos: 45 (44 com b valido)
  treino=36,188 holdout=9,047
  treino: MAE=5.44 RMSE=6.86
  holdout: MAE=5.78 RMSE=7.31 vies=-0.21 std_pred=67.2
  [OK] aprovado (1.1s)

[63/75]

--- LC_2021_ppl_ing ---
  candidatos: 30,020
  itens canonicos: 45 (44 com b valido)
  treino=23,996 holdout=6,000
  treino: MAE=5.32 RMSE=6.69
  holdout: MAE=5.80 RMSE=7.30 vies=+0.06 std_pred=69.6
  [OK] aprovado (0.8s)

[64/75]

--- LC_2022_ppl_esp ---
  candidatos: 13,632
  itens canonicos: 45 (45 com b valido)
  treino=10,897 holdout=2,725
  treino: MAE=6.39 RMSE=8.08
  holdout: MAE=7.77 RMSE=9.90 vies=-0.02 std_pred=66.2
  [OK] aprovado (0.5s)

[65/75]

--- LC_2022_ppl_ing ---
  candidatos: 18,562
  itens canonicos: 45 (45 com b valido)
  treino=14,836 holdout=3,710
  treino: MAE=7.01 RMSE=8.90
  holdout: MAE=7.94 RMSE=10.18 vies=+0.04 std_pred=68.6
  [OK] aprovado (0.5s)

[66/75]

--- LC_2023_ppl_esp ---
  candidatos: 2,582
  itens canonicos: 47 (47 com b valido)
  treino=2,057 holdout=515
  treino: MAE=5.11 RMSE=6.99
  holdout: MAE=7.65 RMSE=10.07 vies=-0.45 std_pred=79.0
  [OK] aprovado (0.2s)

[67/75]

--- LC_2023_ppl_ing ---
  candidatos: 2,162
  itens canonicos: 47 (47 com b valido)
  treino=1,725 holdout=432
  treino: MAE=5.68 RMSE=7.72
  holdout: MAE=7.70 RMSE=10.33 vies=-0.14 std_pred=86.6
  [OK] aprovado (0.1s)

[68/75]

--- LC_2024_ppl_esp ---
  candidatos: 3,470
  itens canonicos: 46 (46 com b valido)
  treino=2,764 holdout=691
  treino: MAE=7.63 RMSE=10.33
  holdout: MAE=9.43 RMSE=12.73 vies=+0.02 std_pred=77.3
  [OK] aprovado (0.1s)

[69/75]

--- LC_2024_ppl_ing ---
  candidatos: 2,737
  itens canonicos: 46 (46 com b valido)
  treino=2,187 holdout=547
  treino: MAE=7.35 RMSE=10.25
  holdout: MAE=9.17 RMSE=12.54 vies=-0.56 std_pred=81.5
  [OK] aprovado (0.1s)

[70/75]

--- MT_2016_ppl ---
  candidatos: 155,347
  itens canonicos: 45 (45 com b valido)
  treino=124,157 holdout=31,040
  treino: MAE=9.67 RMSE=12.43
  holdout: MAE=10.26 RMSE=13.27 vies=+0.03 std_pred=117.0
  [OK] aprovado (3.2s)

[71/75]

--- MT_2020_ppl ---
  candidatos: 62,306
  itens canonicos: 45 (45 com b valido)
  treino=49,834 holdout=12,459
  treino: MAE=10.90 RMSE=13.92
  holdout: MAE=11.68 RMSE=15.03 vies=-0.24 std_pred=97.4
  [OK] aprovado (1.1s)

[72/75]

--- MT_2021_ppl ---
  candidatos: 64,974
  itens canonicos: 45 (45 com b valido)
  treino=51,967 holdout=12,992
  treino: MAE=8.34 RMSE=10.74
  holdout: MAE=8.88 RMSE=11.48 vies=-0.04 std_pred=99.0
  [OK] aprovado (1.4s)

[73/75]

--- MT_2022_ppl ---
  candidatos: 29,642
  itens canonicos: 45 (43 com b valido)
  treino=23,697 holdout=5,925
  treino: MAE=13.87 RMSE=18.05
  holdout: MAE=14.92 RMSE=19.42 vies=+0.12 std_pred=107.4
  [OK] aprovado (0.6s)

[74/75]

--- MT_2023_ppl ---
  candidatos: 4,531
  itens canonicos: 46 (44 com b valido)
  treino=3,584 holdout=897
  treino: MAE=10.93 RMSE=14.60
  holdout: MAE=12.88 RMSE=16.92 vies=-0.80 std_pred=116.7
  [OK] aprovado (0.1s)

[75/75]

--- MT_2024_ppl ---
  candidatos: 4,507
  itens canonicos: 45 (45 com b valido)
  treino=3,602 holdout=901
  treino: MAE=11.66 RMSE=15.66
  holdout: MAE=13.99 RMSE=18.56 vies=+0.22 std_pred=92.7
  [OK] aprovado (0.1s)

==============================================================================
RESUMO FINAL
==============================================================================
  Tempo total: 45.3 min (2720s)
  [OK] aprovados:    73
  [Q]  quarentena:   2
  [X]  erros:        0

  Em quarentena:
    * MT_2017_regular: MAE=29.1 RMSE=37.5 vies=-0.1 std=97.8 | n=4,433,702
        - MAE=29.1>25.0
    * MT_2019_regular: MAE=27.6 RMSE=36.0 vies=+0.0 std=102.6 | n=3,706,995
        - MAE=27.6>25.0

  Tabela de metricas (holdout):
  chave                                   n     MAE   RMSE    vies    std  status
  CH_2016_regular                 5,836,493     9.1   11.6    -0.0   73.0  aprovado
  CH_2017_regular                 4,689,450    15.4   20.6    -0.0   78.0  aprovado
  CH_2018_regular                 4,136,358     9.1   13.6    +0.1   76.4  aprovado
  CH_2019_regular                 3,914,418     8.8   11.8    -0.0   79.2  aprovado
  CH_2020_regular                 2,657,230     9.4   12.3    -0.0   93.3  aprovado
  CH_2021_regular                 2,258,427     7.3    9.5    +0.0   92.6  aprovado
  CH_2022_regular                 2,454,607     7.1    9.7    +0.0   78.0  aprovado
  CH_2023_regular                 2,805,693     6.9    9.1    +0.0   85.0  aprovado
  CH_2024_regular                 3,154,708     6.1    8.3    +0.0   90.0  aprovado
  CN_2016_regular                 5,835,303    11.6   14.8    -0.0   70.2  aprovado
  CN_2017_regular                 4,433,922    19.3   24.9    -0.0   67.3  aprovado
  CN_2018_regular                 3,901,771    15.9   20.5    +0.0   70.9  aprovado
  CN_2019_regular                 3,707,135    10.2   12.9    +0.0   74.8  aprovado
  CN_2020_regular                 2,506,501     9.2   11.8    -0.0   78.8  aprovado
  CN_2021_regular                 2,143,398    10.3   13.6    +0.0   79.5  aprovado
  CN_2022_regular                 2,321,881    13.3   16.9    -0.0   69.5  aprovado
  CN_2023_regular                 2,664,779     8.5   11.0    -0.0   78.4  aprovado
  CN_2024_regular                 2,997,555    12.2   16.0    -0.0   77.1  aprovado
  LC_2016_regular_esp             3,212,676     8.8   12.1    -0.0   62.0  aprovado
  LC_2016_regular_ing             2,472,372     7.8   10.7    -0.0   67.2  aprovado
  LC_2017_regular_esp             2,503,552     6.1    7.7    +0.0   60.8  aprovado
  LC_2017_regular_ing             2,190,200     5.6    7.3    -0.0   65.4  aprovado
  LC_2018_regular_esp             2,134,551     8.6   11.3    -0.0   66.3  aprovado
  LC_2018_regular_ing             2,005,839     8.6   11.6    +0.0   71.0  aprovado
  LC_2019_regular_esp             1,984,569     6.8    9.6    -0.0   58.2  aprovado
  LC_2019_regular_ing             1,932,655     6.3    8.6    +0.0   60.5  aprovado
  LC_2020_regular_esp             1,305,813     6.9    8.9    +0.0   69.0  aprovado
  LC_2020_regular_ing             1,353,960     6.4    8.3    +0.0   70.0  aprovado
  LC_2021_regular_esp               967,622    10.2   13.1    +0.0   71.2  aprovado
  LC_2021_regular_ing             1,293,019     8.9   11.7    +0.0   75.5  aprovado
  LC_2022_regular_esp             1,042,055     7.6    9.7    -0.0   72.5  aprovado
  LC_2022_regular_ing             1,415,164     7.8   10.0    -0.0   73.2  aprovado
  LC_2023_regular_esp             1,193,568     5.8    7.8    +0.0   69.7  aprovado
  LC_2023_regular_ing             1,615,550     5.7    7.5    -0.0   71.9  aprovado
  LC_2024_regular_esp             1,321,116     7.2    9.6    -0.0   65.0  aprovado
  LC_2024_regular_ing             1,837,940     6.2    8.3    -0.0   65.2  aprovado
  MT_2016_regular                 5,683,352    10.6   13.7    +0.0  100.8  aprovado
  MT_2017_regular                 4,433,702    29.1   37.5    -0.1   97.8  quarentena
  MT_2018_regular                 3,901,617    16.0   21.2    +0.0  100.6  aprovado
  MT_2019_regular                 3,706,995    27.6   36.0    +0.0  102.6  quarentena
  MT_2020_regular                 2,506,299    11.5   14.8    -0.0  116.3  aprovado
  MT_2021_regular                 2,143,345     9.1   11.8    +0.0  109.7  aprovado
  MT_2022_regular                 2,321,858    14.7   19.2    -0.0  114.2  aprovado
  MT_2023_regular                 2,664,689     9.8   12.9    +0.0  124.5  aprovado
  MT_2024_regular                 2,997,416    11.4   15.5    -0.0  112.9  aprovado
  CH_2016_ppl                       159,440     6.0    8.0    -0.1   73.9  aprovado
  CH_2020_ppl                        61,678     7.6    9.9    +0.0   85.6  aprovado
  CH_2021_ppl                        75,161     6.7    8.5    +0.0   88.9  aprovado
  CH_2022_ppl                        33,077     6.9    9.5    +0.2   70.9  aprovado
  CH_2023_ppl                         4,716     8.4   11.0    -0.3   92.9  aprovado
  CH_2024_ppl                         6,157     7.8   10.5    +0.2   92.0  aprovado
  CN_2016_ppl                       159,419     8.1   10.6    -0.0   79.6  aprovado
  CN_2020_ppl                        62,296    10.2   13.0    +0.0   72.1  aprovado
  CN_2021_ppl                        64,966     8.7   11.4    +0.1   66.2  aprovado
  CN_2022_ppl                        29,625    13.5   17.0    -0.3   64.7  aprovado
  CN_2023_ppl                         4,482    10.4   13.3    -0.2   82.7  aprovado
  CN_2024_ppl                         5,823    14.7   18.8    -1.0   70.9  aprovado
  LC_2016_ppl_esp                    83,522     7.4    9.7    -0.0   68.0  aprovado
  LC_2016_ppl_ing                    71,728     6.9    9.0    -0.0   69.9  aprovado
  LC_2020_ppl_esp                    32,720     8.1   10.5    -0.2   65.9  aprovado
  LC_2020_ppl_ing                    29,033     8.1   10.5    +0.1   70.3  aprovado
  LC_2021_ppl_esp                    45,235     5.8    7.3    -0.2   67.2  aprovado
  LC_2021_ppl_ing                    29,996     5.8    7.3    +0.1   69.6  aprovado
  LC_2022_ppl_esp                    13,622     7.8    9.9    -0.0   66.2  aprovado
  LC_2022_ppl_ing                    18,546     7.9   10.2    +0.0   68.6  aprovado
  LC_2023_ppl_esp                     2,572     7.7   10.1    -0.4   79.0  aprovado
  LC_2023_ppl_ing                     2,157     7.7   10.3    -0.1   86.6  aprovado
  LC_2024_ppl_esp                     3,455     9.4   12.7    +0.0   77.3  aprovado
  LC_2024_ppl_ing                     2,734     9.2   12.5    -0.6   81.5  aprovado
  MT_2016_ppl                       155,197    10.3   13.3    +0.0  117.0  aprovado
  MT_2020_ppl                        62,293    11.7   15.0    -0.2   97.4  aprovado
  MT_2021_ppl                        64,959     8.9   11.5    -0.0   99.0  aprovado
  MT_2022_ppl                        29,622    14.9   19.4    +0.1  107.4  aprovado
  MT_2023_ppl                         4,481    12.9   16.9    -0.8  116.7  aprovado
  MT_2024_ppl                         4,503    14.0   18.6    +0.2   92.7  aprovado